2021-04-18 08:12:13,384 [main] INFO Zoopla Automation - ******** > Test excuted with chrome browser  < ***********
2021-04-18 08:12:14,973 [main] INFO Zoopla Automation - ******** > User able to enter URL  < ***********
2021-04-18 08:12:19,116 [main] INFO Zoopla Automation - ******** > User able click on Accept the cookies < ***********
2021-04-18 08:12:19,293 [main] INFO Zoopla Automation - ******** > User able to click on the login button < ***********
2021-04-18 08:12:22,623 [main] INFO Zoopla Automation - ******** > User enter the userName & Peassword < ***********
2021-04-18 08:12:23,019 [main] INFO Zoopla Automation - ******** > User click on the signing button < ***********
2021-04-18 08:12:23,045 [main] INFO Zoopla Automation - ******** > User able to verify successfully login & verify the homepage title < ***********
2021-04-18 08:12:25,064 [main] INFO Zoopla Automation - ******** > User able to take screen shot for verfy the homepage < ***********
2021-04-18 15:57:50,786 [main] INFO Zoopla Automation - ******** > Test excuted with chrome browser  < ***********
2021-04-18 15:57:52,758 [main] INFO Zoopla Automation - ******** > User able to enter URL  < ***********
2021-04-18 15:57:54,419 [main] INFO Zoopla Automation - ******** > User able click on Accept the cookies < ***********
2021-04-18 15:57:54,601 [main] INFO Zoopla Automation - ******** > User able to click on the login button < ***********
2021-04-18 15:57:55,732 [main] INFO Zoopla Automation - ******** > User enter the userName & Peassword < ***********
2021-04-18 15:57:55,959 [main] INFO Zoopla Automation - ******** > User click on the signing button < ***********
2021-04-18 15:57:55,981 [main] INFO Zoopla Automation - ******** > User able to verify successfully login & verify the homepage title < ***********
2021-04-18 15:57:57,995 [main] INFO Zoopla Automation - ******** > User able to take screen shot for verfy the homepage < ***********
2021-04-18 15:58:35,778 [main] INFO Zoopla Automation - ******** > Test excuted with chrome browser  < ***********
2021-04-18 15:58:37,608 [main] INFO Zoopla Automation - ******** > User able to enter URL  < ***********
2021-04-18 15:58:39,304 [main] INFO Zoopla Automation - ******** > User able click on Accept the cookies < ***********
2021-04-18 15:58:39,463 [main] INFO Zoopla Automation - ******** > User able to click on the login button < ***********
2021-04-18 15:58:40,439 [main] INFO Zoopla Automation - ******** > User enter the userName & Peassword < ***********
2021-04-18 15:58:40,641 [main] INFO Zoopla Automation - ******** > User click on the signing button < ***********
2021-04-18 15:58:40,664 [main] INFO Zoopla Automation - ******** > User able to verify successfully login & verify the homepage title < ***********
2021-04-18 15:58:42,678 [main] INFO Zoopla Automation - ******** > User able to take screen shot for verfy the homepage < ***********
2021-04-18 16:53:21,473 [main] INFO Zoopla Automation - ********** > Test excuted with chrome browser  < ***********
2021-04-18 16:53:23,349 [main] INFO Zoopla Automation - ******** > User able to enter URL  < ***********
2021-04-18 16:53:25,090 [main] INFO Zoopla Automation - ******** > User able click on Accept the cookies < ***********
2021-04-18 16:53:25,238 [main] INFO Zoopla Automation - ******** > User able to click on the login button < ***********
2021-04-18 16:53:26,451 [main] INFO Zoopla Automation - ******** > User enter the userName & Peassword < ***********
2021-04-18 16:53:26,664 [main] INFO Zoopla Automation - ******** > User click on the signing button < ***********
2021-04-18 16:53:26,681 [main] INFO Zoopla Automation - ******** > User able to verify successfully login & verify the homepage title < ***********
2021-04-18 16:53:28,687 [main] INFO Zoopla Automation - ******** > User able to take screen shot for verfy the homepage < ***********
2021-04-18 18:23:47,145 [main] INFO Zoopla Automation - ********** > Test excuted with chrome browser  < ***********
2021-04-18 18:23:49,047 [main] INFO Zoopla Automation - ******** > User able to enter URL  < ***********
2021-04-18 18:23:50,870 [main] INFO Zoopla Automation - ******** > User able click on Accept the cookies < ***********
2021-04-18 18:23:51,071 [main] INFO Zoopla Automation - ******** > User able to click on the login button < ***********
2021-04-18 18:23:51,744 [main] INFO Zoopla Automation - ******** > User enter the userName & Peassword < ***********
2021-04-18 18:23:52,130 [main] INFO Zoopla Automation - ******** > User click on the signing button < ***********
2021-04-18 18:23:52,148 [main] INFO Zoopla Automation - ******** > User able to verify successfully login & verify the homepage title < ***********
2021-04-18 18:23:54,159 [main] INFO Zoopla Automation - ******** > User able to take screen shot for verfy the homepage < ***********
2021-04-18 20:33:12,348 [main] INFO Zoopla Automation - ********** > Test excuted with chrome browser  < ***********
2021-04-18 20:33:14,205 [main] INFO Zoopla Automation - ******** > User able to enter URL  < ***********
2021-04-18 20:33:15,891 [main] INFO Zoopla Automation - ******** > User able click on Accept the cookies < ***********
2021-04-18 20:33:16,056 [main] INFO Zoopla Automation - ******** > User able to click on the login button < ***********
2021-04-18 20:33:17,246 [main] INFO Zoopla Automation - ******** > User enter the userName & Peassword < ***********
2021-04-18 20:33:17,471 [main] INFO Zoopla Automation - ******** > User click on the signing button < ***********
2021-04-18 20:33:17,495 [main] INFO Zoopla Automation - ******** > User able to verify successfully login & verify the homepage title < ***********
2021-04-18 20:33:19,504 [main] INFO Zoopla Automation - ******** > User able to take screen shot for verfy the homepage < ***********
2021-04-20 02:40:01,392 [main] INFO Zoopla Automation - ********** > Test excuted with chrome browser  < ***********
2021-04-20 02:40:02,997 [main] INFO Zoopla Automation - ******** > User able to enter URL  < ***********
2021-04-20 02:40:04,659 [main] INFO Zoopla Automation - ******** > User able click on Accept the cookies < ***********
2021-04-20 02:40:04,815 [main] INFO Zoopla Automation - ******** > User able to click on the login button < ***********
2021-04-20 02:40:06,063 [main] INFO Zoopla Automation - ******** > User enter the userName & Peassword < ***********
2021-04-20 02:40:06,272 [main] INFO Zoopla Automation - ******** > User click on the signing button < ***********
2021-04-20 02:40:06,290 [main] INFO Zoopla Automation - ******** > User able to verify successfully login & verify the homepage title < ***********
2021-04-20 02:40:08,303 [main] INFO Zoopla Automation - ******** > User able to take screen shot for verfy the homepage < ***********
2021-04-20 17:39:29,176 [main] INFO Zoopla Automation - ********** > Test excuted with chrome browser  < ***********
2021-04-20 17:39:31,038 [main] INFO Zoopla Automation - ******** > User able to enter URL  < ***********
2021-04-20 17:39:32,701 [main] INFO Zoopla Automation - ******** > User able click on Accept the cookies < ***********
2021-04-20 17:39:32,850 [main] INFO Zoopla Automation - ******** > User able to click on the login button < ***********
2021-04-20 17:39:33,904 [main] INFO Zoopla Automation - ******** > User enter the userName & Peassword < ***********
2021-04-20 17:39:34,121 [main] INFO Zoopla Automation - ******** > User click on the signing button < ***********
2021-04-20 17:39:34,138 [main] INFO Zoopla Automation - ******** > User able to verify successfully login & verify the homepage title < ***********
2021-04-20 17:39:36,146 [main] INFO Zoopla Automation - ******** > User able to take screen shot for verfy the homepage < ***********
2021-04-20 18:29:13,321 [main] INFO Zoopla Automation - ********** > Test excuted with chrome browser  < ***********
2021-04-20 18:29:15,182 [main] INFO Zoopla Automation - ******** > User able to enter URL  < ***********
2021-04-20 18:29:16,832 [main] INFO Zoopla Automation - ******** > User able click on Accept the cookies < ***********
2021-04-20 18:29:16,998 [main] INFO Zoopla Automation - ******** > User able to click on the login button < ***********
2021-04-20 18:29:17,986 [main] INFO Zoopla Automation - ******** > User enter the userName & Peassword < ***********
2021-04-20 18:29:18,202 [main] INFO Zoopla Automation - ******** > User click on the signing button < ***********
2021-04-20 18:29:18,228 [main] INFO Zoopla Automation - ******** > User able to verify successfully login & verify the homepage title < ***********
2021-04-20 18:29:20,247 [main] INFO Zoopla Automation - ******** > User able to take screen shot for verfy the homepage < ***********
2021-04-20 18:49:55,042 [main] INFO Zoopla Automation - ********** > Test excuted with chrome browser  < ***********
2021-04-20 18:49:56,606 [main] INFO Zoopla Automation - ******** > User able to enter URL  < ***********
2021-04-20 18:49:58,356 [main] INFO Zoopla Automation - ******** > User able click on Accept the cookies < ***********
2021-04-20 18:49:58,562 [main] INFO Zoopla Automation - ******** > User able to click on the login button < ***********
2021-04-20 18:49:59,623 [main] INFO Zoopla Automation - ******** > User enter the userName & Peassword < ***********
2021-04-20 18:49:59,851 [main] INFO Zoopla Automation - ******** > User click on the signing button < ***********
2021-04-20 18:49:59,879 [main] INFO Zoopla Automation - ******** > User able to verify successfully login & verify the homepage title < ***********
2021-04-20 18:50:01,896 [main] INFO Zoopla Automation - ******** > User able to take screen shot for verfy the homepage < ***********
2021-04-20 20:34:40,509 [main] INFO Zoopla Automation - ********** > Test excuted with chrome browser  < ***********
2021-04-20 20:34:42,125 [main] INFO Zoopla Automation - ******** > User able to enter URL  < ***********
2021-04-20 20:34:43,870 [main] INFO Zoopla Automation - ******** > User able click on Accept the cookies < ***********
2021-04-20 20:34:44,081 [main] INFO Zoopla Automation - ******** > User able to click on the login button < ***********
2021-04-20 20:34:45,184 [main] INFO Zoopla Automation - ******** > User enter the userName & Peassword < ***********
2021-04-20 20:34:45,388 [main] INFO Zoopla Automation - ******** > User click on the signing button < ***********
2021-04-20 20:34:45,408 [main] INFO Zoopla Automation - ******** > User able to verify successfully login & verify the homepage title < ***********
2021-04-20 20:34:47,422 [main] INFO Zoopla Automation - ******** > User able to take screen shot for verfy the homepage < ***********
2021-04-21 03:27:02,713 [main] INFO Zoopla Automation - ********** > Test excuted with chrome browser  < ***********
2021-04-21 03:27:04,342 [main] INFO Zoopla Automation - ******** > User able to enter URL  < ***********
2021-04-21 03:27:06,549 [main] INFO Zoopla Automation - ******** > User able click on Accept the cookies < ***********
2021-04-21 03:27:06,722 [main] INFO Zoopla Automation - ******** > User able to click on the login button < ***********
2021-04-21 03:27:07,477 [main] INFO Zoopla Automation - ******** > User enter the userName & Peassword < ***********
2021-04-21 03:27:07,816 [main] INFO Zoopla Automation - ******** > User click on the signing button < ***********
2021-04-21 03:27:07,841 [main] INFO Zoopla Automation - ******** > User able to verify successfully login & verify the homepage title < ***********
2021-04-21 03:27:09,859 [main] INFO Zoopla Automation - ******** > User able to take screen shot for verfy the homepage < ***********
2021-04-21 17:25:58,418 [main] INFO Zoopla Automation - ********** > Test excuted with chrome browser  < ***********
2021-04-21 17:25:59,988 [main] INFO Zoopla Automation - ******** > User able to enter URL  < ***********
2021-04-21 17:26:01,921 [main] INFO Zoopla Automation - ******** > User able click on Accept the cookies < ***********
2021-04-21 17:26:02,120 [main] INFO Zoopla Automation - ******** > User able to click on the login button < ***********
2021-04-21 17:26:03,170 [main] INFO Zoopla Automation - ******** > User enter the userName & Peassword < ***********
2021-04-21 17:26:03,373 [main] INFO Zoopla Automation - ******** > User click on the signing button < ***********
2021-04-21 17:26:03,389 [main] INFO Zoopla Automation - ******** > User able to verify successfully login & verify the homepage title < ***********
2021-04-21 17:26:05,396 [main] INFO Zoopla Automation - ******** > User able to take screen shot for verfy the homepage < ***********
2021-04-21 17:54:20,341 [main] INFO Zoopla Automation - ********** > Test excuted with chrome browser  < ***********
2021-04-21 17:54:21,922 [main] INFO Zoopla Automation - ******** > User able to enter URL  < ***********
2021-04-21 17:54:23,663 [main] INFO Zoopla Automation - ******** > User able click on Accept the cookies < ***********
2021-04-21 17:54:23,816 [main] INFO Zoopla Automation - ******** > User able to click on the login button < ***********
2021-04-21 17:54:24,812 [main] INFO Zoopla Automation - ******** > User enter the userName & Peassword < ***********
2021-04-21 17:54:25,019 [main] INFO Zoopla Automation - ******** > User click on the signing button < ***********
2021-04-21 17:54:25,034 [main] INFO Zoopla Automation - ******** > User able to verify successfully login & verify the homepage title < ***********
2021-04-21 17:54:27,040 [main] INFO Zoopla Automation - ******** > User able to take screen shot for verfy the homepage < ***********
2021-04-21 17:56:04,574 [main] INFO Zoopla Automation - ********** > Test excuted with chrome browser  < ***********
2021-04-21 17:56:06,206 [main] INFO Zoopla Automation - ******** > User able to enter URL  < ***********
2021-04-21 17:56:08,023 [main] INFO Zoopla Automation - ******** > User able click on Accept the cookies < ***********
2021-04-21 17:56:08,184 [main] INFO Zoopla Automation - ******** > User able to click on the login button < ***********
2021-04-21 17:56:09,347 [main] INFO Zoopla Automation - ******** > User enter the userName & Peassword < ***********
2021-04-21 17:56:09,549 [main] INFO Zoopla Automation - ******** > User click on the signing button < ***********
2021-04-21 17:56:09,564 [main] INFO Zoopla Automation - ******** > User able to verify successfully login & verify the homepage title < ***********
2021-04-21 17:56:11,571 [main] INFO Zoopla Automation - ******** > User able to take screen shot for verfy the homepage < ***********
2021-04-21 18:02:08,566 [main] INFO Zoopla Automation - ********** > Test excuted with chrome browser  < ***********
2021-04-21 18:02:10,178 [main] INFO Zoopla Automation - ******** > User able to enter URL  < ***********
2021-04-21 18:02:11,954 [main] INFO Zoopla Automation - ******** > User able click on Accept the cookies < ***********
2021-04-21 18:02:12,113 [main] INFO Zoopla Automation - ******** > User able to click on the login button < ***********
2021-04-21 18:02:13,273 [main] INFO Zoopla Automation - ******** > User enter the userName & Peassword < ***********
2021-04-21 18:02:13,483 [main] INFO Zoopla Automation - ******** > User click on the signing button < ***********
2021-04-21 18:02:13,500 [main] INFO Zoopla Automation - ******** > User able to verify successfully login & verify the homepage title < ***********
2021-04-21 18:02:15,507 [main] INFO Zoopla Automation - ******** > User able to take screen shot for verfy the homepage < ***********
2021-04-21 18:03:57,434 [main] INFO Zoopla Automation - ********** > Test excuted with chrome browser  < ***********
2021-04-21 18:03:59,046 [main] INFO Zoopla Automation - ******** > User able to enter URL  < ***********
2021-04-21 18:04:01,055 [main] INFO Zoopla Automation - ******** > User able click on Accept the cookies < ***********
2021-04-21 18:04:01,208 [main] INFO Zoopla Automation - ******** > User able to click on the login button < ***********
2021-04-21 18:04:02,177 [main] INFO Zoopla Automation - ******** > User enter the userName & Peassword < ***********
2021-04-21 18:04:02,385 [main] INFO Zoopla Automation - ******** > User click on the signing button < ***********
2021-04-21 18:04:02,402 [main] INFO Zoopla Automation - ******** > User able to verify successfully login & verify the homepage title < ***********
2021-04-21 18:04:04,409 [main] INFO Zoopla Automation - ******** > User able to take screen shot for verfy the homepage < ***********
2021-04-21 18:04:47,373 [main] INFO Zoopla Automation - ********** > Test excuted with chrome browser  < ***********
2021-04-21 18:04:48,957 [main] INFO Zoopla Automation - ******** > User able to enter URL  < ***********
2021-04-21 18:04:52,594 [main] INFO Zoopla Automation - ******** > User able click on Accept the cookies < ***********
2021-04-21 18:04:52,762 [main] INFO Zoopla Automation - ******** > User able to click on the login button < ***********
2021-04-21 18:04:56,865 [main] INFO Zoopla Automation - ******** > User enter the userName & Peassword < ***********
2021-04-21 18:04:57,086 [main] INFO Zoopla Automation - ******** > User click on the signing button < ***********
2021-04-21 18:04:57,106 [main] INFO Zoopla Automation - ******** > User able to verify successfully login & verify the homepage title < ***********
2021-04-21 18:04:59,114 [main] INFO Zoopla Automation - ******** > User able to take screen shot for verfy the homepage < ***********
